TN:gcov_report
SF:/home/behappyman/GIT/School_21/2_Base_Study/Matrix/C6_s21_matrix-1/src/s21_matrix.c
FN:65,s21_create_matrix
FNDA:204,s21_create_matrix
FN:84,s21_remove_matrix
FNDA:198,s21_remove_matrix
FN:95,s21_eq_matrix
FNDA:38,s21_eq_matrix
FN:113,s21_sum_matrix
FNDA:10,s21_sum_matrix
FN:119,s21_sub_matrix
FNDA:10,s21_sub_matrix
FN:125,sum_sub_matrix
FNDA:20,sum_sub_matrix
FN:145,s21_mult_number
FNDA:8,s21_mult_number
FN:161,s21_mult_matrix
FNDA:6,s21_mult_matrix
FN:182,s21_transpose
FNDA:6,s21_transpose
FN:198,s21_determinant
FNDA:40,s21_determinant
FN:213,recursive_determinant_calc
FNDA:52,recursive_determinant_calc
FN:231,s21_calc_complements
FNDA:4,s21_calc_complements
FN:243,complements_calculation
FNDA:4,complements_calculation
FN:265,s21_inverse_matrix
FNDA:2,s21_inverse_matrix
FN:314,is_matrix_correct_check
FNDA:188,is_matrix_correct_check
FN:322,is_matrix_equal_size
FNDA:20,is_matrix_equal_size
FN:329,get_minor
FNDA:48,get_minor
DA:65,204
DA:66,204
DA:67,204
DA:68,198
DA:69,198
DA:70,198
DA:72,198
DA:73,830
DA:74,632
DA:76,198
DA:81,204
DA:84,198
DA:85,198
DA:86,198
DA:87,198
DA:88,198
DA:89,198
DA:92,198
DA:95,38
DA:96,38
DA:97,38
DA:98,38
DA:99,2
DA:101,162
DA:102,582
DA:103,456
DA:108,38
DA:113,10
DA:114,10
DA:116,10
DA:119,10
DA:120,10
DA:122,10
DA:125,20
DA:126,20
DA:127,20
DA:128,20
DA:129,6
DA:130,14
DA:131,70
DA:132,280
DA:133,224
DA:134,96
DA:136,128
DA:138,14
DA:141,20
DA:145,8
DA:146,8
DA:147,8
DA:148,8
DA:149,38
DA:150,144
DA:151,114
DA:152,8
DA:156,8
DA:161,6
DA:162,6
DA:163,6
DA:164,6
DA:165,2
DA:166,4
DA:167,14
DA:168,30
DA:169,20
DA:170,60
DA:171,40
DA:173,4
DA:177,6
DA:182,6
DA:183,6
DA:184,6
DA:185,6
DA:186,20
DA:187,48
DA:188,34
DA:189,6
DA:193,6
DA:198,40
DA:199,40
DA:200,40
DA:201,40
DA:202,40
DA:203,0
DA:204,40
DA:205,0
DA:207,40
DA:210,40
DA:213,52
DA:214,52
DA:215,52
DA:216,48
DA:218,16
DA:220,12
DA:221,24
DA:222,12
DA:223,12
DA:226,52
DA:231,4
DA:232,4
DA:233,4
DA:234,4
DA:235,4
DA:236,4
DA:237,4
DA:240,4
DA:243,4
DA:244,4
DA:245,4
DA:246,4
DA:247,16
DA:248,48
DA:251,36
DA:252,36
DA:253,36
DA:254,36
DA:256,36
DA:260,4
DA:265,2
DA:266,2
DA:267,2
DA:268,2
DA:270,2
DA:271,2
DA:273,2
DA:274,2
DA:276,2
DA:277,2
DA:278,2
DA:279,2
DA:281,2
DA:283,2
DA:286,2
DA:314,188
DA:315,188
DA:316,188
DA:317,0
DA:319,188
DA:322,20
DA:323,20
DA:324,20
DA:326,20
DA:329,48
DA:330,48
DA:331,48
DA:332,48
DA:333,48
DA:334,48
DA:336,192
DA:337,144
DA:338,144
DA:339,576
DA:340,432
DA:341,432
DA:342,432
DA:343,192
DA:348,48
end_of_record
